<?xml version="1.0" encoding="UTF-8"?>
<!-- Generated by org.testng.reporters.JUnitXMLReporter -->
<testsuite hostname="LAPTOP-H421FH8F" ignored="0" name="Test" tests="7" failures="0" timestamp="07 Mar 2024 13:51:24 GMT" time="0.03" errors="0">
  <testcase name="A3" time="0.006" classname="org.test.Two"/>
  <testcase name="B2" time="0.001" classname="org.test.Two"/>
  <testcase name="C1" time="0.001" classname="org.test.Two"/>
  <testcase name="A3" time="0.001" classname="org.test.One"/>
  <testcase name="B2" time="0.0" classname="org.test.One"/>
  <testcase name="C1" time="0.0" classname="org.test.One"/>
  <testcase name="test" time="0.001" classname="org.test.Sampl"/>
</testsuite> <!-- Test -->
