<?xml version="1.0" encoding="UTF-8"?>
<testng-results skipped="0" failed="0" ignored="0" total="1" passed="1">
  <reporter-output>
  </reporter-output>
  <suite name="Default suite" duration-ms="36" started-at="2024-03-07T16:05:49Z" finished-at="2024-03-07T16:05:49Z">
    <groups>
    </groups>
    <test name="Default test" duration-ms="36" started-at="2024-03-07T16:05:49Z" finished-at="2024-03-07T16:05:49Z">
      <class name="org.test.Sampl">
        <test-method status="PASS" signature="test()[pri:0, instance:org.test.Sampl@6d78f375]" name="test" duration-ms="9" started-at="2024-03-07T16:05:49Z" finished-at="2024-03-07T16:05:49Z">
          <reporter-output>
          </reporter-output>
        </test-method> <!-- test -->
      </class> <!-- org.test.Sampl -->
    </test> <!-- Default test -->
  </suite> <!-- Default suite -->
</testng-results>
